<?xml version="1.0" encoding="UTF-8"?>
<!-- Generated by org.testng.reporters.JUnitReportReporter -->
<testsuite skipped="0" hostname="Alain-workstation" name="all_tests.Add_customer_testing" tests="1" failures="0" timestamp="2021-07-04T11:14:12 CDT" time="22.211" errors="0">
  <testcase name="add_customer_testing" time="22.211" classname="all_tests.Add_customer_testing"/>
  <system-out/>
</testsuite> <!-- all_tests.Add_customer_testing -->
