<?xml version="1.0" encoding="UTF-8"?>
<!-- Generated by org.testng.reporters.JUnitReportReporter -->
<testsuite hostname="Alain-workstation" failures="0" tests="1" name="util.PageFactory" time="12.118" errors="0" timestamp="2021-07-01T08:29:04 CDT" skipped="0">
  <testcase classname="util.PageFactory" name="startingBrowser" time="12.118"/>
  <system-out/>
</testsuite> <!-- util.PageFactory -->
