<?xml version="1.0" encoding="UTF-8"?>
<!-- Generated by org.testng.reporters.JUnitReportReporter -->
<testsuite hostname="Alain-workstation" failures="0" tests="1" name="all_pages.Base_page" time="0.017" errors="0" timestamp="2021-07-02T16:26:34 CDT" skipped="0">
  <testcase classname="all_pages.Base_page" name="random_number" time="0.017"/>
  <system-out/>
</testsuite> <!-- all_pages.Base_page -->
