<?xml version="1.0" encoding="UTF-8"?>
<!-- Generated by org.testng.reporters.JUnitReportReporter -->
<testsuite skipped="0" hostname="Alain-workstation" name="all_tests.Login_page_testing" tests="1" failures="0" timestamp="2021-07-04T11:12:01 CDT" time="15.404" errors="0">
  <testcase name="login_testing" time="15.404" classname="all_tests.Login_page_testing"/>
  <system-out/>
</testsuite> <!-- all_tests.Login_page_testing -->
