<?xml version="1.0" encoding="UTF-8"?>
<!-- Generated by org.testng.reporters.JUnitReportReporter -->
<testsuite skipped="0" hostname="Alain-workstation" name="testCases.Login_test" tests="1" failures="0" timestamp="2021-06-29T10:44:24 CDT" time="29.938" errors="0">
  <testcase name="login_page" time="29.938" classname="testCases.Login_test"/>
  <system-out/>
</testsuite> <!-- testCases.Login_test -->
