<?xml version="1.0" encoding="UTF-8"?>
<!-- Generated by org.testng.reporters.JUnitReportReporter -->
<testsuite hostname="Alain-workstation" failures="0" tests="1" name="all_tests.Dashboard_page_testing" time="14.624" errors="0" timestamp="2021-07-04T09:35:30 CDT" skipped="0">
  <testcase classname="all_tests.Dashboard_page_testing" name="dashboard_testing" time="14.624"/>
  <system-out/>
</testsuite> <!-- all_tests.Dashboard_page_testing -->
