<?xml version="1.0" encoding="UTF-8"?>
<!-- Generated by org.testng.reporters.JUnitReportReporter -->
<testsuite hostname="Alain-workstation" failures="0" tests="1" name="all_tests.Login_page_testing" time="28.931" errors="0" timestamp="2021-07-02T15:51:01 CDT" skipped="0">
  <testcase classname="all_tests.Login_page_testing" name="login_testing" time="28.931"/>
  <system-out/>
</testsuite> <!-- all_tests.Login_page_testing -->
