<?xml version="1.0" encoding="UTF-8"?>
<!-- Generated by org.testng.reporters.JUnitReportReporter -->
<testsuite hostname="Alain-workstation" failures="0" tests="1" name="all_tests.Add_customer_testing" time="21.995" errors="0" timestamp="2021-07-04T10:08:03 CDT" skipped="0">
  <testcase classname="all_tests.Add_customer_testing" name="add_customer_testing" time="21.995"/>
  <system-out/>
</testsuite> <!-- all_tests.Add_customer_testing -->
